[05-Feb-2024 22:52:22 UTC] PHP Fatal error:  Uncaught Error: Undefined constant "APP_BLOG_ULTRATHIN_MAX_POSTS" in /home/radwork/Faceborg/Private/scripts/home.php:383
Stack trace:
#0 /home/radwork/Faceborg/Public/index.php(229): require()
#1 {main}
  thrown in /home/radwork/Faceborg/Private/scripts/home.php on line 383
[05-Feb-2024 22:52:50 UTC] PHP Fatal error:  Uncaught Error: Undefined constant "APP_BLOG_ULTRATHIN_MAX_POSTS" in /home/radwork/Faceborg/Private/scripts/home.php:383
Stack trace:
#0 /home/radwork/Faceborg/Public/index.php(229): require()
#1 {main}
  thrown in /home/radwork/Faceborg/Private/scripts/home.php on line 383
[25-Jun-2024 08:59:32 UTC] PHP Fatal error:  Uncaught Error: Class "OpenGallery\OpenGallery\Err" not found in /home/radwork/gnubook/Public/l/Indexfoss/gallery.funny:44
Stack trace:
#0 {main}
  thrown in /home/radwork/gnubook/Public/l/Indexfoss/gallery.funny on line 44
[25-Jun-2024 08:59:32 UTC] PHP Fatal error:  Uncaught Error: Class "OpenGallery\OpenGallery\Err" not found in /home/radwork/gnubook/Public/l/Indexfoss/gallery.funny:44
Stack trace:
#0 {main}
  thrown in /home/radwork/gnubook/Public/l/Indexfoss/gallery.funny on line 44
[25-Jun-2024 09:00:21 UTC] PHP Fatal error:  Uncaught Error: Class "OpenGallery\OpenGallery\Err" not found in /home/radwork/gnubook/Public/l/Indexfoss/gallery.funny:44
Stack trace:
#0 {main}
  thrown in /home/radwork/gnubook/Public/l/Indexfoss/gallery.funny on line 44
[25-Jun-2024 09:00:23 UTC] PHP Fatal error:  Uncaught Error: Class "OpenGallery\OpenGallery\Err" not found in /home/radwork/gnubook/Public/l/Indexfoss/gallery.funny:44
Stack trace:
#0 {main}
  thrown in /home/radwork/gnubook/Public/l/Indexfoss/gallery.funny on line 44
[25-Jun-2024 09:00:23 UTC] PHP Fatal error:  Uncaught Error: Class "OpenGallery\OpenGallery\Err" not found in /home/radwork/gnubook/Public/l/Indexfoss/gallery.funny:44
Stack trace:
#0 {main}
  thrown in /home/radwork/gnubook/Public/l/Indexfoss/gallery.funny on line 44
[25-Jun-2024 09:00:23 UTC] PHP Fatal error:  Uncaught Error: Class "OpenGallery\OpenGallery\Err" not found in /home/radwork/gnubook/Public/l/Indexfoss/gallery.funny:44
Stack trace:
#0 {main}
  thrown in /home/radwork/gnubook/Public/l/Indexfoss/gallery.funny on line 44
[25-Jun-2024 09:00:24 UTC] PHP Fatal error:  Uncaught Error: Class "OpenGallery\OpenGallery\Err" not found in /home/radwork/gnubook/Public/l/Indexfoss/gallery.funny:44
Stack trace:
#0 {main}
  thrown in /home/radwork/gnubook/Public/l/Indexfoss/gallery.funny on line 44
[25-Jun-2024 09:00:24 UTC] PHP Fatal error:  Uncaught Error: Class "OpenGallery\OpenGallery\Err" not found in /home/radwork/gnubook/Public/l/Indexfoss/gallery.funny:44
Stack trace:
#0 {main}
  thrown in /home/radwork/gnubook/Public/l/Indexfoss/gallery.funny on line 44
[25-Jun-2024 09:00:24 UTC] PHP Fatal error:  Uncaught Error: Class "OpenGallery\OpenGallery\Err" not found in /home/radwork/gnubook/Public/l/Indexfoss/gallery.funny:44
Stack trace:
#0 {main}
  thrown in /home/radwork/gnubook/Public/l/Indexfoss/gallery.funny on line 44
[25-Jun-2024 09:00:24 UTC] PHP Fatal error:  Uncaught Error: Class "OpenGallery\OpenGallery\Err" not found in /home/radwork/gnubook/Public/l/Indexfoss/gallery.funny:44
Stack trace:
#0 {main}
  thrown in /home/radwork/gnubook/Public/l/Indexfoss/gallery.funny on line 44
[25-Jun-2024 09:00:25 UTC] PHP Fatal error:  Uncaught Error: Class "OpenGallery\OpenGallery\Err" not found in /home/radwork/gnubook/Public/l/Indexfoss/gallery.funny:44
Stack trace:
#0 {main}
  thrown in /home/radwork/gnubook/Public/l/Indexfoss/gallery.funny on line 44
[25-Jun-2024 09:00:25 UTC] PHP Fatal error:  Uncaught Error: Class "OpenGallery\OpenGallery\Err" not found in /home/radwork/gnubook/Public/l/Indexfoss/gallery.funny:44
Stack trace:
#0 {main}
  thrown in /home/radwork/gnubook/Public/l/Indexfoss/gallery.funny on line 44
[25-Jun-2024 09:00:25 UTC] PHP Fatal error:  Uncaught Error: Class "OpenGallery\OpenGallery\Err" not found in /home/radwork/gnubook/Public/l/Indexfoss/gallery.funny:44
Stack trace:
#0 {main}
  thrown in /home/radwork/gnubook/Public/l/Indexfoss/gallery.funny on line 44
[25-Jun-2024 09:00:25 UTC] PHP Fatal error:  Uncaught Error: Class "OpenGallery\OpenGallery\Err" not found in /home/radwork/gnubook/Public/l/Indexfoss/gallery.funny:44
Stack trace:
#0 {main}
  thrown in /home/radwork/gnubook/Public/l/Indexfoss/gallery.funny on line 44
[25-Jun-2024 09:00:25 UTC] PHP Fatal error:  Uncaught Error: Class "OpenGallery\OpenGallery\Err" not found in /home/radwork/gnubook/Public/l/Indexfoss/gallery.funny:44
Stack trace:
#0 {main}
  thrown in /home/radwork/gnubook/Public/l/Indexfoss/gallery.funny on line 44
[25-Jun-2024 09:00:26 UTC] PHP Fatal error:  Uncaught Error: Class "OpenGallery\OpenGallery\Err" not found in /home/radwork/gnubook/Public/l/Indexfoss/gallery.funny:44
Stack trace:
#0 {main}
  thrown in /home/radwork/gnubook/Public/l/Indexfoss/gallery.funny on line 44
[25-Jun-2024 09:00:26 UTC] PHP Fatal error:  Uncaught Error: Class "OpenGallery\OpenGallery\Err" not found in /home/radwork/gnubook/Public/l/Indexfoss/gallery.funny:44
Stack trace:
#0 {main}
  thrown in /home/radwork/gnubook/Public/l/Indexfoss/gallery.funny on line 44
[25-Jun-2024 09:00:26 UTC] PHP Fatal error:  Uncaught Error: Class "OpenGallery\OpenGallery\Err" not found in /home/radwork/gnubook/Public/l/Indexfoss/gallery.funny:44
Stack trace:
#0 {main}
  thrown in /home/radwork/gnubook/Public/l/Indexfoss/gallery.funny on line 44
[25-Jun-2024 09:00:26 UTC] PHP Fatal error:  Uncaught Error: Class "OpenGallery\OpenGallery\Err" not found in /home/radwork/gnubook/Public/l/Indexfoss/gallery.funny:44
Stack trace:
#0 {main}
  thrown in /home/radwork/gnubook/Public/l/Indexfoss/gallery.funny on line 44
[25-Jun-2024 09:00:27 UTC] PHP Fatal error:  Uncaught Error: Class "OpenGallery\OpenGallery\Err" not found in /home/radwork/gnubook/Public/l/Indexfoss/gallery.funny:44
Stack trace:
#0 {main}
  thrown in /home/radwork/gnubook/Public/l/Indexfoss/gallery.funny on line 44
[25-Jun-2024 09:00:27 UTC] PHP Fatal error:  Uncaught Error: Class "OpenGallery\OpenGallery\Err" not found in /home/radwork/gnubook/Public/l/Indexfoss/gallery.funny:44
Stack trace:
#0 {main}
  thrown in /home/radwork/gnubook/Public/l/Indexfoss/gallery.funny on line 44
[25-Jun-2024 09:00:27 UTC] PHP Fatal error:  Uncaught Error: Class "OpenGallery\OpenGallery\Err" not found in /home/radwork/gnubook/Public/l/Indexfoss/gallery.funny:44
Stack trace:
#0 {main}
  thrown in /home/radwork/gnubook/Public/l/Indexfoss/gallery.funny on line 44
[25-Jun-2024 09:00:27 UTC] PHP Fatal error:  Uncaught Error: Class "OpenGallery\OpenGallery\Err" not found in /home/radwork/gnubook/Public/l/Indexfoss/gallery.funny:44
Stack trace:
#0 {main}
  thrown in /home/radwork/gnubook/Public/l/Indexfoss/gallery.funny on line 44
[25-Jun-2024 09:00:28 UTC] PHP Fatal error:  Uncaught Error: Class "OpenGallery\OpenGallery\Err" not found in /home/radwork/gnubook/Public/l/Indexfoss/gallery.funny:44
Stack trace:
#0 {main}
  thrown in /home/radwork/gnubook/Public/l/Indexfoss/gallery.funny on line 44
[25-Jun-2024 09:02:55 UTC] PHP Fatal error:  Uncaught Error: Call to undefined function filter_input1() in /home/radwork/gnubook/Public/l/Indexfoss/gallery.funny:80
Stack trace:
#0 {main}
  thrown in /home/radwork/gnubook/Public/l/Indexfoss/gallery.funny on line 80
[25-Jun-2024 09:03:37 UTC] PHP Fatal error:  Uncaught Error: Undefined constant "ERR_NO" in /home/radwork/gnubook/Public/l/Indexfoss/gallery.funny:143
Stack trace:
#0 {main}
  thrown in /home/radwork/gnubook/Public/l/Indexfoss/gallery.funny on line 143
